Jun 07 2022 07:50:48
{"type":8192,"message":"class_exists(): Passing null to parameter #1 ($class) of type string is deprecated","file":"G:\\XAMPP\\htdocs\\wp\\wp-content\\plugins\\woocommerce\\includes\\wc-core-functions.php","line":2050}

Jun 07 2022 07:50:51
{"type":8192,"message":"class_exists(): Passing null to parameter #1 ($class) of type string is deprecated","file":"G:\\XAMPP\\htdocs\\wp\\wp-content\\plugins\\woocommerce\\includes\\wc-core-functions.php","line":2050}

Jun 07 2022 07:50:51
{"type":8192,"message":"class_exists(): Passing null to parameter #1 ($class) of type string is deprecated","file":"G:\\XAMPP\\htdocs\\wp\\wp-content\\plugins\\woocommerce\\includes\\wc-core-functions.php","line":2050}

Jun 07 2022 07:50:54
{"type":8192,"message":"class_exists(): Passing null to parameter #1 ($class) of type string is deprecated","file":"G:\\XAMPP\\htdocs\\wp\\wp-content\\plugins\\woocommerce\\includes\\wc-core-functions.php","line":2050}

Jun 07 2022 07:50:58
{"type":8192,"message":"class_exists(): Passing null to parameter #1 ($class) of type string is deprecated","file":"G:\\XAMPP\\htdocs\\wp\\wp-content\\plugins\\woocommerce\\includes\\wc-core-functions.php","line":2050}

Jun 07 2022 07:50:58
{"Number":8192,"Message":"base64_encode(): Passing null to parameter #1 ($string) of type string is deprecated","File":"G:\\XAMPP\\htdocs\\wp\\wp-content\\plugins\\all-in-one-wp-migration\\lib\\model\\export\\class-ai1wm-export-config.php","Line":164}

Jun 07 2022 07:50:58
{"type":8192,"message":"class_exists(): Passing null to parameter #1 ($class) of type string is deprecated","file":"G:\\XAMPP\\htdocs\\wp\\wp-content\\plugins\\woocommerce\\includes\\wc-core-functions.php","line":2050}

Jun 07 2022 07:51:03
{"type":8192,"message":"Return type of Requests_Utility_CaseInsensitiveDictionary::getIterator() should either be compatible with IteratorAggregate::getIterator(): Traversable, or the #[\\ReturnTypeWillChange] attribute should be used to temporarily suppress the notice","file":"G:\\XAMPP\\htdocs\\wp\\wp-includes\\Requests\\Utility\\CaseInsensitiveDictionary.php","line":91}

Jun 07 2022 07:51:06
{"Number":8192,"Message":"Return type of ActionScheduler_DateTime::setTimezone($timezone) should either be compatible with DateTime::setTimezone(DateTimeZone $timezone): DateTime, or the #[\\ReturnTypeWillChange] attribute should be used to temporarily suppress the notice","File":"G:\\XAMPP\\htdocs\\wp\\wp-content\\plugins\\woocommerce\\packages\\action-scheduler\\classes\\ActionScheduler_DateTime.php","Line":60}

Jun 07 2022 07:51:06
{"Number":8192,"Message":"Return type of ActionScheduler_DateTime::getOffset() should either be compatible with DateTime::getOffset(): int, or the #[\\ReturnTypeWillChange] attribute should be used to temporarily suppress the notice","File":"G:\\XAMPP\\htdocs\\wp\\wp-content\\plugins\\woocommerce\\packages\\action-scheduler\\classes\\ActionScheduler_DateTime.php","Line":48}

Jun 07 2022 07:51:06
{"Number":8192,"Message":"Return type of ActionScheduler_DateTime::getTimestamp() should either be compatible with DateTime::getTimestamp(): int, or the #[\\ReturnTypeWillChange] attribute should be used to temporarily suppress the notice","File":"G:\\XAMPP\\htdocs\\wp\\wp-content\\plugins\\woocommerce\\packages\\action-scheduler\\classes\\ActionScheduler_DateTime.php","Line":27}

Jun 07 2022 07:51:06
{"Number":8192,"Message":"DateTime::__construct(): Passing null to parameter #1 ($datetime) of type string is deprecated","File":"G:\\XAMPP\\htdocs\\wp\\wp-content\\plugins\\woocommerce\\packages\\action-scheduler\\functions.php","Line":316}

Jun 07 2022 07:51:06
{"type":8192,"message":"class_exists(): Passing null to parameter #1 ($class) of type string is deprecated","file":"G:\\XAMPP\\htdocs\\wp\\wp-content\\plugins\\woocommerce\\includes\\wc-core-functions.php","line":2050}

Jun 07 2022 07:51:07
{"Number":8192,"Message":"Return type of ActionScheduler_DateTime::setTimezone($timezone) should either be compatible with DateTime::setTimezone(DateTimeZone $timezone): DateTime, or the #[\\ReturnTypeWillChange] attribute should be used to temporarily suppress the notice","File":"G:\\XAMPP\\htdocs\\wp\\wp-content\\plugins\\woocommerce\\packages\\action-scheduler\\classes\\ActionScheduler_DateTime.php","Line":60}

Jun 07 2022 07:51:07
{"Number":8192,"Message":"Return type of ActionScheduler_DateTime::getOffset() should either be compatible with DateTime::getOffset(): int, or the #[\\ReturnTypeWillChange] attribute should be used to temporarily suppress the notice","File":"G:\\XAMPP\\htdocs\\wp\\wp-content\\plugins\\woocommerce\\packages\\action-scheduler\\classes\\ActionScheduler_DateTime.php","Line":48}

Jun 07 2022 07:51:07
{"Number":8192,"Message":"Return type of ActionScheduler_DateTime::getTimestamp() should either be compatible with DateTime::getTimestamp(): int, or the #[\\ReturnTypeWillChange] attribute should be used to temporarily suppress the notice","File":"G:\\XAMPP\\htdocs\\wp\\wp-content\\plugins\\woocommerce\\packages\\action-scheduler\\classes\\ActionScheduler_DateTime.php","Line":27}

Jun 07 2022 07:51:07
{"Number":8192,"Message":"DateTime::__construct(): Passing null to parameter #1 ($datetime) of type string is deprecated","File":"G:\\XAMPP\\htdocs\\wp\\wp-content\\plugins\\woocommerce\\packages\\action-scheduler\\functions.php","Line":316}

Jun 07 2022 07:51:07
{"type":8192,"message":"class_exists(): Passing null to parameter #1 ($class) of type string is deprecated","file":"G:\\XAMPP\\htdocs\\wp\\wp-content\\plugins\\woocommerce\\includes\\wc-core-functions.php","line":2050}

Jun 07 2022 07:51:10
{"type":8192,"message":"class_exists(): Passing null to parameter #1 ($class) of type string is deprecated","file":"G:\\XAMPP\\htdocs\\wp\\wp-content\\plugins\\woocommerce\\includes\\wc-core-functions.php","line":2050}

Jun 07 2022 07:51:13
{"type":8192,"message":"class_exists(): Passing null to parameter #1 ($class) of type string is deprecated","file":"G:\\XAMPP\\htdocs\\wp\\wp-content\\plugins\\woocommerce\\includes\\wc-core-functions.php","line":2050}

Jun 07 2022 07:51:19
{"type":8192,"message":"class_exists(): Passing null to parameter #1 ($class) of type string is deprecated","file":"G:\\XAMPP\\htdocs\\wp\\wp-content\\plugins\\woocommerce\\includes\\wc-core-functions.php","line":2050}

Jun 07 2022 07:51:25
{"type":8192,"message":"class_exists(): Passing null to parameter #1 ($class) of type string is deprecated","file":"G:\\XAMPP\\htdocs\\wp\\wp-content\\plugins\\woocommerce\\includes\\wc-core-functions.php","line":2050}

Jun 07 2022 07:51:28
{"type":8192,"message":"class_exists(): Passing null to parameter #1 ($class) of type string is deprecated","file":"G:\\XAMPP\\htdocs\\wp\\wp-content\\plugins\\woocommerce\\includes\\wc-core-functions.php","line":2050}

Jun 07 2022 07:51:31
{"type":8192,"message":"class_exists(): Passing null to parameter #1 ($class) of type string is deprecated","file":"G:\\XAMPP\\htdocs\\wp\\wp-content\\plugins\\woocommerce\\includes\\wc-core-functions.php","line":2050}

Jun 07 2022 07:51:33
{"type":8192,"message":"class_exists(): Passing null to parameter #1 ($class) of type string is deprecated","file":"G:\\XAMPP\\htdocs\\wp\\wp-content\\plugins\\woocommerce\\includes\\wc-core-functions.php","line":2050}

Jun 07 2022 07:51:37
{"type":8192,"message":"class_exists(): Passing null to parameter #1 ($class) of type string is deprecated","file":"G:\\XAMPP\\htdocs\\wp\\wp-content\\plugins\\woocommerce\\includes\\wc-core-functions.php","line":2050}

Jun 07 2022 07:51:37
{"type":8192,"message":"class_exists(): Passing null to parameter #1 ($class) of type string is deprecated","file":"G:\\XAMPP\\htdocs\\wp\\wp-content\\plugins\\woocommerce\\includes\\wc-core-functions.php","line":2050}

Jun 07 2022 07:51:40
{"type":8192,"message":"class_exists(): Passing null to parameter #1 ($class) of type string is deprecated","file":"G:\\XAMPP\\htdocs\\wp\\wp-content\\plugins\\woocommerce\\includes\\wc-core-functions.php","line":2050}

Jun 07 2022 07:51:43
{"type":8192,"message":"class_exists(): Passing null to parameter #1 ($class) of type string is deprecated","file":"G:\\XAMPP\\htdocs\\wp\\wp-content\\plugins\\woocommerce\\includes\\wc-core-functions.php","line":2050}

Jun 07 2022 07:51:48
{"type":8192,"message":"class_exists(): Passing null to parameter #1 ($class) of type string is deprecated","file":"G:\\XAMPP\\htdocs\\wp\\wp-content\\plugins\\woocommerce\\includes\\wc-core-functions.php","line":2050}

Jun 07 2022 07:51:51
{"type":8192,"message":"class_exists(): Passing null to parameter #1 ($class) of type string is deprecated","file":"G:\\XAMPP\\htdocs\\wp\\wp-content\\plugins\\woocommerce\\includes\\wc-core-functions.php","line":2050}

Jun 07 2022 07:51:58
{"type":8192,"message":"class_exists(): Passing null to parameter #1 ($class) of type string is deprecated","file":"G:\\XAMPP\\htdocs\\wp\\wp-content\\plugins\\woocommerce\\includes\\wc-core-functions.php","line":2050}

Jun 07 2022 07:52:02
{"type":8192,"message":"class_exists(): Passing null to parameter #1 ($class) of type string is deprecated","file":"G:\\XAMPP\\htdocs\\wp\\wp-content\\plugins\\woocommerce\\includes\\wc-core-functions.php","line":2050}

Jun 07 2022 07:52:06
{"type":8192,"message":"Return type of Requests_Utility_CaseInsensitiveDictionary::getIterator() should either be compatible with IteratorAggregate::getIterator(): Traversable, or the #[\\ReturnTypeWillChange] attribute should be used to temporarily suppress the notice","file":"G:\\XAMPP\\htdocs\\wp\\wp-includes\\Requests\\Utility\\CaseInsensitiveDictionary.php","line":91}

Jun 07 2022 07:52:13
{"Number":8192,"Message":"Return type of ActionScheduler_DateTime::setTimezone($timezone) should either be compatible with DateTime::setTimezone(DateTimeZone $timezone): DateTime, or the #[\\ReturnTypeWillChange] attribute should be used to temporarily suppress the notice","File":"G:\\XAMPP\\htdocs\\wp\\wp-content\\plugins\\woocommerce\\packages\\action-scheduler\\classes\\ActionScheduler_DateTime.php","Line":60}

Jun 07 2022 07:52:13
{"Number":8192,"Message":"Return type of ActionScheduler_DateTime::getOffset() should either be compatible with DateTime::getOffset(): int, or the #[\\ReturnTypeWillChange] attribute should be used to temporarily suppress the notice","File":"G:\\XAMPP\\htdocs\\wp\\wp-content\\plugins\\woocommerce\\packages\\action-scheduler\\classes\\ActionScheduler_DateTime.php","Line":48}

Jun 07 2022 07:52:13
{"Number":8192,"Message":"Return type of ActionScheduler_DateTime::getTimestamp() should either be compatible with DateTime::getTimestamp(): int, or the #[\\ReturnTypeWillChange] attribute should be used to temporarily suppress the notice","File":"G:\\XAMPP\\htdocs\\wp\\wp-content\\plugins\\woocommerce\\packages\\action-scheduler\\classes\\ActionScheduler_DateTime.php","Line":27}

Jun 07 2022 07:52:13
{"Number":8192,"Message":"DateTime::__construct(): Passing null to parameter #1 ($datetime) of type string is deprecated","File":"G:\\XAMPP\\htdocs\\wp\\wp-content\\plugins\\woocommerce\\packages\\action-scheduler\\functions.php","Line":316}

Jun 07 2022 07:52:13
{"type":8192,"message":"class_exists(): Passing null to parameter #1 ($class) of type string is deprecated","file":"G:\\XAMPP\\htdocs\\wp\\wp-content\\plugins\\woocommerce\\includes\\wc-core-functions.php","line":2050}

Jun 07 2022 07:52:16
{"Number":8192,"Message":"Return type of ActionScheduler_DateTime::setTimezone($timezone) should either be compatible with DateTime::setTimezone(DateTimeZone $timezone): DateTime, or the #[\\ReturnTypeWillChange] attribute should be used to temporarily suppress the notice","File":"G:\\XAMPP\\htdocs\\wp\\wp-content\\plugins\\woocommerce\\packages\\action-scheduler\\classes\\ActionScheduler_DateTime.php","Line":60}

Jun 07 2022 07:52:16
{"Number":8192,"Message":"Return type of ActionScheduler_DateTime::getOffset() should either be compatible with DateTime::getOffset(): int, or the #[\\ReturnTypeWillChange] attribute should be used to temporarily suppress the notice","File":"G:\\XAMPP\\htdocs\\wp\\wp-content\\plugins\\woocommerce\\packages\\action-scheduler\\classes\\ActionScheduler_DateTime.php","Line":48}

Jun 07 2022 07:52:16
{"Number":8192,"Message":"Return type of ActionScheduler_DateTime::getTimestamp() should either be compatible with DateTime::getTimestamp(): int, or the #[\\ReturnTypeWillChange] attribute should be used to temporarily suppress the notice","File":"G:\\XAMPP\\htdocs\\wp\\wp-content\\plugins\\woocommerce\\packages\\action-scheduler\\classes\\ActionScheduler_DateTime.php","Line":27}

Jun 07 2022 07:52:16
{"Number":8192,"Message":"DateTime::__construct(): Passing null to parameter #1 ($datetime) of type string is deprecated","File":"G:\\XAMPP\\htdocs\\wp\\wp-content\\plugins\\woocommerce\\packages\\action-scheduler\\functions.php","Line":316}

Jun 07 2022 07:52:16
{"type":8192,"message":"class_exists(): Passing null to parameter #1 ($class) of type string is deprecated","file":"G:\\XAMPP\\htdocs\\wp\\wp-content\\plugins\\woocommerce\\includes\\wc-core-functions.php","line":2050}

Jun 07 2022 07:52:20
{"type":8192,"message":"class_exists(): Passing null to parameter #1 ($class) of type string is deprecated","file":"G:\\XAMPP\\htdocs\\wp\\wp-content\\plugins\\woocommerce\\includes\\wc-core-functions.php","line":2050}

Jun 07 2022 07:52:26
{"type":8192,"message":"class_exists(): Passing null to parameter #1 ($class) of type string is deprecated","file":"G:\\XAMPP\\htdocs\\wp\\wp-content\\plugins\\woocommerce\\includes\\wc-core-functions.php","line":2050}

Jun 07 2022 07:52:30
{"type":8192,"message":"class_exists(): Passing null to parameter #1 ($class) of type string is deprecated","file":"G:\\XAMPP\\htdocs\\wp\\wp-content\\plugins\\woocommerce\\includes\\wc-core-functions.php","line":2050}

Jun 07 2022 07:52:33
{"type":8192,"message":"class_exists(): Passing null to parameter #1 ($class) of type string is deprecated","file":"G:\\XAMPP\\htdocs\\wp\\wp-content\\plugins\\woocommerce\\includes\\wc-core-functions.php","line":2050}

Jun 07 2022 07:52:40
{"type":8192,"message":"Return type of Requests_Utility_CaseInsensitiveDictionary::getIterator() should either be compatible with IteratorAggregate::getIterator(): Traversable, or the #[\\ReturnTypeWillChange] attribute should be used to temporarily suppress the notice","file":"G:\\XAMPP\\htdocs\\wp\\wp-includes\\Requests\\Utility\\CaseInsensitiveDictionary.php","line":91}

Jun 07 2022 07:52:43
{"type":8192,"message":"class_exists(): Passing null to parameter #1 ($class) of type string is deprecated","file":"G:\\XAMPP\\htdocs\\wp\\wp-content\\plugins\\woocommerce\\includes\\wc-core-functions.php","line":2050}

Jun 07 2022 07:52:47
{"type":8192,"message":"class_exists(): Passing null to parameter #1 ($class) of type string is deprecated","file":"G:\\XAMPP\\htdocs\\wp\\wp-content\\plugins\\woocommerce\\includes\\wc-core-functions.php","line":2050}

Jun 07 2022 07:52:56
{"type":8192,"message":"class_exists(): Passing null to parameter #1 ($class) of type string is deprecated","file":"G:\\XAMPP\\htdocs\\wp\\wp-content\\plugins\\woocommerce\\includes\\wc-core-functions.php","line":2050}

Jun 07 2022 07:52:59
{"type":8192,"message":"class_exists(): Passing null to parameter #1 ($class) of type string is deprecated","file":"G:\\XAMPP\\htdocs\\wp\\wp-content\\plugins\\woocommerce\\includes\\wc-core-functions.php","line":2050}

Jun 07 2022 07:53:05
{"type":8192,"message":"Return type of Requests_Utility_CaseInsensitiveDictionary::getIterator() should either be compatible with IteratorAggregate::getIterator(): Traversable, or the #[\\ReturnTypeWillChange] attribute should be used to temporarily suppress the notice","file":"G:\\XAMPP\\htdocs\\wp\\wp-includes\\Requests\\Utility\\CaseInsensitiveDictionary.php","line":91}

Jun 07 2022 07:53:12
{"type":8192,"message":"class_exists(): Passing null to parameter #1 ($class) of type string is deprecated","file":"G:\\XAMPP\\htdocs\\wp\\wp-content\\plugins\\woocommerce\\includes\\wc-core-functions.php","line":2050}

Jun 07 2022 07:53:12
{"type":8192,"message":"class_exists(): Passing null to parameter #1 ($class) of type string is deprecated","file":"G:\\XAMPP\\htdocs\\wp\\wp-content\\plugins\\woocommerce\\includes\\wc-core-functions.php","line":2050}

Jun 07 2022 07:53:18
{"Number":8192,"Message":"Return type of ActionScheduler_DateTime::setTimezone($timezone) should either be compatible with DateTime::setTimezone(DateTimeZone $timezone): DateTime, or the #[\\ReturnTypeWillChange] attribute should be used to temporarily suppress the notice","File":"G:\\XAMPP\\htdocs\\wp\\wp-content\\plugins\\woocommerce\\packages\\action-scheduler\\classes\\ActionScheduler_DateTime.php","Line":60}

Jun 07 2022 07:53:18
{"Number":8192,"Message":"Return type of ActionScheduler_DateTime::getOffset() should either be compatible with DateTime::getOffset(): int, or the #[\\ReturnTypeWillChange] attribute should be used to temporarily suppress the notice","File":"G:\\XAMPP\\htdocs\\wp\\wp-content\\plugins\\woocommerce\\packages\\action-scheduler\\classes\\ActionScheduler_DateTime.php","Line":48}

Jun 07 2022 07:53:18
{"Number":8192,"Message":"Return type of ActionScheduler_DateTime::getTimestamp() should either be compatible with DateTime::getTimestamp(): int, or the #[\\ReturnTypeWillChange] attribute should be used to temporarily suppress the notice","File":"G:\\XAMPP\\htdocs\\wp\\wp-content\\plugins\\woocommerce\\packages\\action-scheduler\\classes\\ActionScheduler_DateTime.php","Line":27}

Jun 07 2022 07:53:18
{"Number":8192,"Message":"DateTime::__construct(): Passing null to parameter #1 ($datetime) of type string is deprecated","File":"G:\\XAMPP\\htdocs\\wp\\wp-content\\plugins\\woocommerce\\packages\\action-scheduler\\functions.php","Line":316}

Jun 07 2022 07:53:18
{"type":8192,"message":"class_exists(): Passing null to parameter #1 ($class) of type string is deprecated","file":"G:\\XAMPP\\htdocs\\wp\\wp-content\\plugins\\woocommerce\\includes\\wc-core-functions.php","line":2050}

Jun 07 2022 07:53:25
{"type":8192,"message":"class_exists(): Passing null to parameter #1 ($class) of type string is deprecated","file":"G:\\XAMPP\\htdocs\\wp\\wp-content\\plugins\\woocommerce\\includes\\wc-core-functions.php","line":2050}

Jun 07 2022 07:53:26
{"Number":8192,"Message":"Return type of ActionScheduler_DateTime::setTimezone($timezone) should either be compatible with DateTime::setTimezone(DateTimeZone $timezone): DateTime, or the #[\\ReturnTypeWillChange] attribute should be used to temporarily suppress the notice","File":"G:\\XAMPP\\htdocs\\wp\\wp-content\\plugins\\woocommerce\\packages\\action-scheduler\\classes\\ActionScheduler_DateTime.php","Line":60}

Jun 07 2022 07:53:26
{"Number":8192,"Message":"Return type of ActionScheduler_DateTime::getOffset() should either be compatible with DateTime::getOffset(): int, or the #[\\ReturnTypeWillChange] attribute should be used to temporarily suppress the notice","File":"G:\\XAMPP\\htdocs\\wp\\wp-content\\plugins\\woocommerce\\packages\\action-scheduler\\classes\\ActionScheduler_DateTime.php","Line":48}

Jun 07 2022 07:53:26
{"Number":8192,"Message":"Return type of ActionScheduler_DateTime::getTimestamp() should either be compatible with DateTime::getTimestamp(): int, or the #[\\ReturnTypeWillChange] attribute should be used to temporarily suppress the notice","File":"G:\\XAMPP\\htdocs\\wp\\wp-content\\plugins\\woocommerce\\packages\\action-scheduler\\classes\\ActionScheduler_DateTime.php","Line":27}

Jun 07 2022 07:53:26
{"Number":8192,"Message":"DateTime::__construct(): Passing null to parameter #1 ($datetime) of type string is deprecated","File":"G:\\XAMPP\\htdocs\\wp\\wp-content\\plugins\\woocommerce\\packages\\action-scheduler\\functions.php","Line":316}

Jun 07 2022 07:53:26
{"type":8192,"message":"class_exists(): Passing null to parameter #1 ($class) of type string is deprecated","file":"G:\\XAMPP\\htdocs\\wp\\wp-content\\plugins\\woocommerce\\includes\\wc-core-functions.php","line":2050}

Jun 07 2022 07:53:31
{"type":8192,"message":"class_exists(): Passing null to parameter #1 ($class) of type string is deprecated","file":"G:\\XAMPP\\htdocs\\wp\\wp-content\\plugins\\woocommerce\\includes\\wc-core-functions.php","line":2050}

Jun 07 2022 07:53:31
{"type":8192,"message":"class_exists(): Passing null to parameter #1 ($class) of type string is deprecated","file":"G:\\XAMPP\\htdocs\\wp\\wp-content\\plugins\\woocommerce\\includes\\wc-core-functions.php","line":2050}

Jun 07 2022 07:53:40
{"type":8192,"message":"class_exists(): Passing null to parameter #1 ($class) of type string is deprecated","file":"G:\\XAMPP\\htdocs\\wp\\wp-content\\plugins\\woocommerce\\includes\\wc-core-functions.php","line":2050}

Jun 07 2022 07:53:41
{"type":8192,"message":"class_exists(): Passing null to parameter #1 ($class) of type string is deprecated","file":"G:\\XAMPP\\htdocs\\wp\\wp-content\\plugins\\woocommerce\\includes\\wc-core-functions.php","line":2050}

Jun 07 2022 07:53:44
{"type":8192,"message":"class_exists(): Passing null to parameter #1 ($class) of type string is deprecated","file":"G:\\XAMPP\\htdocs\\wp\\wp-content\\plugins\\woocommerce\\includes\\wc-core-functions.php","line":2050}

Jun 07 2022 07:53:47
{"type":8192,"message":"class_exists(): Passing null to parameter #1 ($class) of type string is deprecated","file":"G:\\XAMPP\\htdocs\\wp\\wp-content\\plugins\\woocommerce\\includes\\wc-core-functions.php","line":2050}

Jun 07 2022 07:53:48
{"type":8192,"message":"class_exists(): Passing null to parameter #1 ($class) of type string is deprecated","file":"G:\\XAMPP\\htdocs\\wp\\wp-content\\plugins\\woocommerce\\includes\\wc-core-functions.php","line":2050}

Jun 07 2022 07:53:53
{"type":8192,"message":"class_exists(): Passing null to parameter #1 ($class) of type string is deprecated","file":"G:\\XAMPP\\htdocs\\wp\\wp-content\\plugins\\woocommerce\\includes\\wc-core-functions.php","line":2050}

Jun 07 2022 07:53:54
{"type":8192,"message":"class_exists(): Passing null to parameter #1 ($class) of type string is deprecated","file":"G:\\XAMPP\\htdocs\\wp\\wp-content\\plugins\\woocommerce\\includes\\wc-core-functions.php","line":2050}

Jun 08 2022 07:51:30
{"type":8192,"message":"class_exists(): Passing null to parameter #1 ($class) of type string is deprecated","file":"G:\\XAMPP\\htdocs\\wp\\wp-content\\plugins\\woocommerce\\includes\\wc-core-functions.php","line":2050}

Jun 08 2022 07:51:40
{"type":8192,"message":"class_exists(): Passing null to parameter #1 ($class) of type string is deprecated","file":"G:\\XAMPP\\htdocs\\wp\\wp-content\\plugins\\woocommerce\\includes\\wc-core-functions.php","line":2050}

Jun 08 2022 07:51:43
{"type":8192,"message":"class_exists(): Passing null to parameter #1 ($class) of type string is deprecated","file":"G:\\XAMPP\\htdocs\\wp\\wp-content\\plugins\\woocommerce\\includes\\wc-core-functions.php","line":2050}

Jun 08 2022 07:51:44
{"type":8192,"message":"class_exists(): Passing null to parameter #1 ($class) of type string is deprecated","file":"G:\\XAMPP\\htdocs\\wp\\wp-content\\plugins\\woocommerce\\includes\\wc-core-functions.php","line":2050}

Jun 08 2022 07:51:45
{"type":8192,"message":"class_exists(): Passing null to parameter #1 ($class) of type string is deprecated","file":"G:\\XAMPP\\htdocs\\wp\\wp-content\\plugins\\woocommerce\\includes\\wc-core-functions.php","line":2050}

Jun 08 2022 07:51:46
{"type":8192,"message":"class_exists(): Passing null to parameter #1 ($class) of type string is deprecated","file":"G:\\XAMPP\\htdocs\\wp\\wp-content\\plugins\\woocommerce\\includes\\wc-core-functions.php","line":2050}

